# JRE version: OpenJDK Runtime Environment (20.0+36) (build 20+36-2344)
# Java VM: OpenJDK 64-Bit Server VM (20+36-2344, mixed mode, emulated-client, sharing, tiered, compressed oops, compressed class ptrs, g1 gc, windows-amd64)
GC Precious Log:
 CardTable entry size: 512
 Card Set container configuration: InlinePtr #cards 4 size 8 Array Of Cards #cards 16 size 48 Howl #buckets 8 coarsen threshold 3686 Howl Bitmap #cards 512 size 80 coarsen threshold 460 Card regions per heap region 1 cards per card region 4096
 CPUs: 8 total, 8 available
 Memory: 16180M
 Large Page Support: Disabled
 NUMA Support: Disabled
 Compressed Oops: Enabled (Zero based)
 Heap Region Size: 2M
 Heap Min Capacity: 8M
 Heap Initial Capacity: 254M
 Heap Max Capacity: 4046M
 Pre-touch: Disabled
 Parallel Workers: 8
 Concurrent Workers: 2
 Concurrent Refinement Workers: 8
 Periodic GC: Disabled
Heap:
 garbage-first heap   total 61440K, used 36264K [0x0000000703200000, 0x0000000800000000)
  region size 2048K, 9 young (18432K), 1 survivors (2048K)
 Metaspace       used 50489K, committed 51328K, reserved 1114112K
  class space    used 6149K, committed 6592K, reserved 1048576K
GC Heap History (20 events):
Event: 6502.128 GC heap before
{Heap before GC invocations=107 (full 22):
 garbage-first heap   total 61440K, used 53764K [0x0000000703200000, 0x0000000800000000)
  region size 2048K, 15 young (30720K), 1 survivors (2048K)
 Metaspace       used 48537K, committed 49472K, reserved 1114112K
  class space    used 6114K, committed 6592K, reserved 1048576K
}
Event: 6502.129 GC heap after
{Heap after GC invocations=108 (full 22):
 garbage-first heap   total 61440K, used 24656K [0x0000000703200000, 0x0000000800000000)
  region size 2048K, 1 young (2048K), 1 survivors (2048K)
 Metaspace       used 48537K, committed 49472K, reserved 1114112K
  class space    used 6114K, committed 6592K, reserved 1048576K
}
Event: 6604.718 GC heap before
{Heap before GC invocations=108 (full 22):
 garbage-first heap   total 61440K, used 53328K [0x0000000703200000, 0x0000000800000000)
  region size 2048K, 15 young (30720K), 1 survivors (2048K)
 Metaspace       used 48537K, committed 49472K, reserved 1114112K
  class space    used 6114K, committed 6592K, reserved 1048576K
}
Event: 6604.722 GC heap after
{Heap after GC invocations=109 (full 22):
 garbage-first heap   total 61440K, used 24695K [0x0000000703200000, 0x0000000800000000)
  region size 2048K, 1 young (2048K), 1 survivors (2048K)
 Metaspace       used 48537K, committed 49472K, reserved 1114112K
  class space    used 6114K, committed 6592K, reserved 1048576K
}
Event: 6692.537 GC heap before
{Heap before GC invocations=109 (full 22):
 garbage-first heap   total 61440K, used 53367K [0x0000000703200000, 0x0000000800000000)
  region size 2048K, 15 young (30720K), 1 survivors (2048K)
 Metaspace       used 48589K, committed 49536K, reserved 1114112K
  class space    used 6126K, committed 6592K, reserved 1048576K
}
Event: 6692.539 GC heap after
{Heap after GC invocations=110 (full 22):
 garbage-first heap   total 61440K, used 24999K [0x0000000703200000, 0x0000000800000000)
  region size 2048K, 1 young (2048K), 1 survivors (2048K)
 Metaspace       used 48589K, committed 49536K, reserved 1114112K
  class space    used 6126K, committed 6592K, reserved 1048576K
}
Event: 6779.914 GC heap before
{Heap before GC invocations=110 (full 22):
 garbage-first heap   total 61440K, used 53671K [0x0000000703200000, 0x0000000800000000)
  region size 2048K, 15 young (30720K), 1 survivors (2048K)
 Metaspace       used 48589K, committed 49536K, reserved 1114112K
  class space    used 6126K, committed 6592K, reserved 1048576K
}
Event: 6779.920 GC heap after
{Heap after GC invocations=111 (full 22):
 garbage-first heap   total 61440K, used 24882K [0x0000000703200000, 0x0000000800000000)
  region size 2048K, 1 young (2048K), 1 survivors (2048K)
 Metaspace       used 48589K, committed 49536K, reserved 1114112K
  class space    used 6126K, committed 6592K, reserved 1048576K
}
Event: 6880.475 GC heap before
{Heap before GC invocations=111 (full 22):
 garbage-first heap   total 61440K, used 53554K [0x0000000703200000, 0x0000000800000000)
  region size 2048K, 15 young (30720K), 1 survivors (2048K)
 Metaspace       used 48589K, committed 49536K, reserved 1114112K
  class space    used 6126K, committed 6592K, reserved 1048576K
}
Event: 6880.476 GC heap after
{Heap after GC invocations=112 (full 22):
 garbage-first heap   total 61440K, used 24629K [0x0000000703200000, 0x0000000800000000)
  region size 2048K, 1 young (2048K), 1 survivors (2048K)
 Metaspace       used 48589K, committed 49536K, reserved 1114112K
  class space    used 6126K, committed 6592K, reserved 1048576K
}
Event: 6968.258 GC heap before
{Heap before GC invocations=112 (full 22):
 garbage-first heap   total 61440K, used 53301K [0x0000000703200000, 0x0000000800000000)
  region size 2048K, 15 young (30720K), 1 survivors (2048K)
 Metaspace       used 48599K, committed 49536K, reserved 1114112K
  class space    used 6127K, committed 6592K, reserved 1048576K
}
Event: 6968.259 GC heap after
{Heap after GC invocations=113 (full 22):
 garbage-first heap   total 61440K, used 24702K [0x0000000703200000, 0x0000000800000000)
  region size 2048K, 1 young (2048K), 1 survivors (2048K)
 Metaspace       used 48599K, committed 49536K, reserved 1114112K
  class space    used 6127K, committed 6592K, reserved 1048576K
}
Event: 7071.219 GC heap before
{Heap before GC invocations=113 (full 22):
 garbage-first heap   total 61440K, used 53374K [0x0000000703200000, 0x0000000800000000)
  region size 2048K, 15 young (30720K), 1 survivors (2048K)
 Metaspace       used 48605K, committed 49536K, reserved 1114112K
  class space    used 6128K, committed 6592K, reserved 1048576K
}
Event: 7071.220 GC heap after
{Heap after GC invocations=114 (full 22):
 garbage-first heap   total 61440K, used 24685K [0x0000000703200000, 0x0000000800000000)
  region size 2048K, 1 young (2048K), 1 survivors (2048K)
 Metaspace       used 48605K, committed 49536K, reserved 1114112K
  class space    used 6128K, committed 6592K, reserved 1048576K
}
Event: 7104.694 GC heap before
{Heap before GC invocations=114 (full 22):
 garbage-first heap   total 61440K, used 36973K [0x0000000703200000, 0x0000000800000000)
  region size 2048K, 9 young (18432K), 1 survivors (2048K)
 Metaspace       used 48692K, committed 49600K, reserved 1114112K
  class space    used 6130K, committed 6592K, reserved 1048576K
}
Event: 7104.736 GC heap after
{Heap after GC invocations=115 (full 23):
 garbage-first heap   total 61440K, used 19168K [0x0000000703200000, 0x0000000800000000)
  region size 2048K, 0 young (0K), 0 survivors (0K)
 Metaspace       used 48442K, committed 49536K, reserved 1114112K
  class space    used 6068K, committed 6592K, reserved 1048576K
}
Event: 7106.093 GC heap before
{Heap before GC invocations=115 (full 23):
 garbage-first heap   total 61440K, used 53984K [0x0000000703200000, 0x0000000800000000)
  region size 2048K, 18 young (36864K), 0 survivors (0K)
 Metaspace       used 48834K, committed 49728K, reserved 1114112K
  class space    used 6130K, committed 6592K, reserved 1048576K
}
Event: 7106.131 GC heap after
{Heap after GC invocations=116 (full 23):
 garbage-first heap   total 61440K, used 22491K [0x0000000703200000, 0x0000000800000000)
  region size 2048K, 2 young (4096K), 2 survivors (4096K)
 Metaspace       used 48834K, committed 49728K, reserved 1114112K
  class space    used 6130K, committed 6592K, reserved 1048576K
}
Event: 7174.835 GC heap before
{Heap before GC invocations=116 (full 23):
 garbage-first heap   total 61440K, used 51163K [0x0000000703200000, 0x0000000800000000)
  region size 2048K, 16 young (32768K), 2 survivors (4096K)
 Metaspace       used 48912K, committed 49792K, reserved 1114112K
  class space    used 6148K, committed 6592K, reserved 1048576K
}
Event: 7174.838 GC heap after
{Heap after GC invocations=117 (full 23):
 garbage-first heap   total 61440K, used 23976K [0x0000000703200000, 0x0000000800000000)
  region size 2048K, 1 young (2048K), 1 survivors (2048K)
 Metaspace       used 48912K, committed 49792K, reserved 1114112K
  class space    used 6148K, committed 6592K, reserved 1048576K
}

