# JRE version: OpenJDK Runtime Environment (20.0+36) (build 20+36-2344)
# Java VM: OpenJDK 64-Bit Server VM (20+36-2344, mixed mode, emulated-client, sharing, tiered, compressed oops, compressed class ptrs, g1 gc, windows-amd64)
GC Precious Log:
 CardTable entry size: 512
 Card Set container configuration: InlinePtr #cards 4 size 8 Array Of Cards #cards 16 size 48 Howl #buckets 8 coarsen threshold 3686 Howl Bitmap #cards 512 size 80 coarsen threshold 460 Card regions per heap region 1 cards per card region 4096
 CPUs: 8 total, 8 available
 Memory: 16180M
 Large Page Support: Disabled
 NUMA Support: Disabled
 Compressed Oops: Enabled (Zero based)
 Heap Region Size: 2M
 Heap Min Capacity: 8M
 Heap Initial Capacity: 254M
 Heap Max Capacity: 4046M
 Pre-touch: Disabled
 Parallel Workers: 8
 Concurrent Workers: 2
 Concurrent Refinement Workers: 8
 Periodic GC: Disabled
Heap:
 garbage-first heap   total 81920K, used 37631K [0x0000000703200000, 0x0000000800000000)
  region size 2048K, 6 young (12288K), 1 survivors (2048K)
 Metaspace       used 40462K, committed 41024K, reserved 1114112K
  class space    used 5311K, committed 5568K, reserved 1048576K
GC Heap History (20 events):
Event: 2.718 GC heap after
{Heap after GC invocations=10 (full 0):
 garbage-first heap   total 155648K, used 17333K [0x0000000703200000, 0x0000000800000000)
  region size 2048K, 2 young (4096K), 2 survivors (4096K)
 Metaspace       used 26125K, committed 26560K, reserved 1114112K
  class space    used 3393K, committed 3584K, reserved 1048576K
}
Event: 3.333 GC heap before
{Heap before GC invocations=10 (full 0):
 garbage-first heap   total 155648K, used 78773K [0x0000000703200000, 0x0000000800000000)
  region size 2048K, 34 young (69632K), 2 survivors (4096K)
 Metaspace       used 31840K, committed 32256K, reserved 1114112K
  class space    used 4139K, committed 4352K, reserved 1048576K
}
Event: 3.338 GC heap after
{Heap after GC invocations=11 (full 0):
 garbage-first heap   total 155648K, used 21429K [0x0000000703200000, 0x0000000800000000)
  region size 2048K, 4 young (8192K), 4 survivors (8192K)
 Metaspace       used 31840K, committed 32256K, reserved 1114112K
  class space    used 4139K, committed 4352K, reserved 1048576K
}
Event: 13.079 GC heap before
{Heap before GC invocations=12 (full 0):
 garbage-first heap   total 81920K, used 62389K [0x0000000703200000, 0x0000000800000000)
  region size 2048K, 24 young (49152K), 4 survivors (8192K)
 Metaspace       used 35550K, committed 36032K, reserved 1114112K
  class space    used 4629K, committed 4864K, reserved 1048576K
}
Event: 13.093 GC heap after
{Heap after GC invocations=13 (full 0):
 garbage-first heap   total 81920K, used 23454K [0x0000000703200000, 0x0000000800000000)
  region size 2048K, 2 young (4096K), 2 survivors (4096K)
 Metaspace       used 35550K, committed 36032K, reserved 1114112K
  class space    used 4629K, committed 4864K, reserved 1048576K
}
Event: 14.315 GC heap before
{Heap before GC invocations=13 (full 0):
 garbage-first heap   total 81920K, used 66462K [0x0000000703200000, 0x0000000800000000)
  region size 2048K, 24 young (49152K), 2 survivors (4096K)
 Metaspace       used 39324K, committed 39872K, reserved 1114112K
  class space    used 5132K, committed 5376K, reserved 1048576K
}
Event: 14.318 GC heap after
{Heap after GC invocations=14 (full 0):
 garbage-first heap   total 81920K, used 26194K [0x0000000703200000, 0x0000000800000000)
  region size 2048K, 3 young (6144K), 3 survivors (6144K)
 Metaspace       used 39324K, committed 39872K, reserved 1114112K
  class space    used 5132K, committed 5376K, reserved 1048576K
}
Event: 128.697 GC heap before
{Heap before GC invocations=14 (full 0):
 garbage-first heap   total 81920K, used 67154K [0x0000000703200000, 0x0000000800000000)
  region size 2048K, 24 young (49152K), 3 survivors (6144K)
 Metaspace       used 39697K, committed 40128K, reserved 1114112K
  class space    used 5184K, committed 5376K, reserved 1048576K
}
Event: 128.700 GC heap after
{Heap after GC invocations=15 (full 0):
 garbage-first heap   total 81920K, used 27599K [0x0000000703200000, 0x0000000800000000)
  region size 2048K, 3 young (6144K), 3 survivors (6144K)
 Metaspace       used 39697K, committed 40128K, reserved 1114112K
  class space    used 5184K, committed 5376K, reserved 1048576K
}
Event: 273.434 GC heap before
{Heap before GC invocations=15 (full 0):
 garbage-first heap   total 81920K, used 66511K [0x0000000703200000, 0x0000000800000000)
  region size 2048K, 23 young (47104K), 3 survivors (6144K)
 Metaspace       used 39697K, committed 40128K, reserved 1114112K
  class space    used 5184K, committed 5376K, reserved 1048576K
}
Event: 273.439 GC heap after
{Heap after GC invocations=16 (full 0):
 garbage-first heap   total 81920K, used 27431K [0x0000000703200000, 0x0000000800000000)
  region size 2048K, 1 young (2048K), 1 survivors (2048K)
 Metaspace       used 39697K, committed 40128K, reserved 1114112K
  class space    used 5184K, committed 5376K, reserved 1048576K
}
Event: 439.377 GC heap before
{Heap before GC invocations=16 (full 0):
 garbage-first heap   total 81920K, used 72487K [0x0000000703200000, 0x0000000800000000)
  region size 2048K, 23 young (47104K), 1 survivors (2048K)
 Metaspace       used 39698K, committed 40128K, reserved 1114112K
  class space    used 5184K, committed 5376K, reserved 1048576K
}
Event: 439.378 GC heap after
{Heap after GC invocations=17 (full 0):
 garbage-first heap   total 81920K, used 27085K [0x0000000703200000, 0x0000000800000000)
  region size 2048K, 1 young (2048K), 1 survivors (2048K)
 Metaspace       used 39698K, committed 40128K, reserved 1114112K
  class space    used 5184K, committed 5376K, reserved 1048576K
}
Event: 581.597 GC heap before
{Heap before GC invocations=17 (full 0):
 garbage-first heap   total 81920K, used 74189K [0x0000000703200000, 0x0000000800000000)
  region size 2048K, 24 young (49152K), 1 survivors (2048K)
 Metaspace       used 39841K, committed 40384K, reserved 1114112K
  class space    used 5211K, committed 5440K, reserved 1048576K
}
Event: 581.599 GC heap after
{Heap after GC invocations=18 (full 0):
 garbage-first heap   total 81920K, used 27278K [0x0000000703200000, 0x0000000800000000)
  region size 2048K, 1 young (2048K), 1 survivors (2048K)
 Metaspace       used 39841K, committed 40384K, reserved 1114112K
  class space    used 5211K, committed 5440K, reserved 1048576K
}
Event: 707.236 GC heap before
{Heap before GC invocations=18 (full 0):
 garbage-first heap   total 81920K, used 74382K [0x0000000703200000, 0x0000000800000000)
  region size 2048K, 24 young (49152K), 1 survivors (2048K)
 Metaspace       used 40288K, committed 40832K, reserved 1114112K
  class space    used 5279K, committed 5504K, reserved 1048576K
}
Event: 707.238 GC heap after
{Heap after GC invocations=19 (full 0):
 garbage-first heap   total 81920K, used 27712K [0x0000000703200000, 0x0000000800000000)
  region size 2048K, 1 young (2048K), 1 survivors (2048K)
 Metaspace       used 40288K, committed 40832K, reserved 1114112K
  class space    used 5279K, committed 5504K, reserved 1048576K
}
Event: 860.119 GC heap before
{Heap before GC invocations=19 (full 0):
 garbage-first heap   total 81920K, used 74816K [0x0000000703200000, 0x0000000800000000)
  region size 2048K, 24 young (49152K), 1 survivors (2048K)
 Metaspace       used 40364K, committed 40896K, reserved 1114112K
  class space    used 5293K, committed 5504K, reserved 1048576K
}
Event: 860.121 GC heap after
{Heap after GC invocations=20 (full 0):
 garbage-first heap   total 81920K, used 27701K [0x0000000703200000, 0x0000000800000000)
  region size 2048K, 1 young (2048K), 1 survivors (2048K)
 Metaspace       used 40364K, committed 40896K, reserved 1114112K
  class space    used 5293K, committed 5504K, reserved 1048576K
}
Event: 893.118 GC heap before
{Heap before GC invocations=20 (full 0):
 garbage-first heap   total 81920K, used 35893K [0x0000000703200000, 0x0000000800000000)
  region size 2048K, 6 young (12288K), 1 survivors (2048K)
 Metaspace       used 40462K, committed 41024K, reserved 1114112K
  class space    used 5311K, committed 5568K, reserved 1048576K
}

